<?xml version="1.0" encoding="UTF-8"?>
<!-- Generated by org.testng.reporters.JUnitReportReporter -->
<testsuite hostname="DESKTOP-JUVN070" failures="0" tests="4" name="day01.HTTPRequests" time="3.612" errors="0" timestamp="2024-04-14T12:07:18 CDT" skipped="0">
  <testcase classname="day01.HTTPRequests" name="getUsers" time="2.287"/>
  <testcase classname="day01.HTTPRequests" name="createUser" time="0.652"/>
  <testcase classname="day01.HTTPRequests" name="updateUser" time="0.335"/>
  <testcase classname="day01.HTTPRequests" name="deleteUser" time="0.338"/>
</testsuite> <!-- day01.HTTPRequests -->
