<?xml version="1.0" encoding="UTF-8"?>
<!-- Generated by org.testng.reporters.JUnitReportReporter -->
<testsuite hostname="DESKTOP-JUVN070" failures="0" tests="1" name="day07.Delete_User" time="0.955" errors="0" timestamp="2024-04-19T09:26:29 CDT" skipped="0">
  <testcase classname="day07.Delete_User" name="test_Delete_User" time="0.955"/>
</testsuite> <!-- day07.Delete_User -->
