<?xml version="1.0" encoding="UTF-8"?>
<!-- Generated by org.testng.reporters.JUnitReportReporter -->
<testsuite hostname="DESKTOP-JUVN070" failures="0" tests="1" name="day03.Path_and_QueryParameters" time="2.321" errors="0" timestamp="2024-04-14T18:21:56 CDT" skipped="0">
  <testcase classname="day03.Path_and_QueryParameters" name="test_Query_and_Path_Parameters" time="2.321"/>
</testsuite> <!-- day03.Path_and_QueryParameters -->
