<?xml version="1.0" encoding="UTF-8"?>
<!-- Generated by org.testng.reporters.JUnitReportReporter -->
<testsuite hostname="DESKTOP-JUVN070" failures="0" tests="1" name="day01.day02" time="2.334" errors="0" timestamp="2024-04-14T18:20:53 CDT" skipped="0">
  <testcase classname="day01.day02" name="testPostUsingExternalJsonFile" time="2.334"/>
</testsuite> <!-- day01.day02 -->
