<?xml version="1.0" encoding="UTF-8"?>
<!-- Generated by org.testng.reporters.JUnitReportReporter -->
<testsuite hostname="DESKTOP-JUVN070" failures="0" tests="1" name="day06.Faker_Data_Generator" time="0.215" errors="0" timestamp="2024-04-17T11:08:14 CDT" skipped="0">
  <testcase classname="day06.Faker_Data_Generator" name="generate_Dummy_Data" time="0.215"/>
</testsuite> <!-- day06.Faker_Data_Generator -->
