<?xml version="1.0" encoding="UTF-8"?>
<!-- Generated by org.testng.reporters.JUnitReportReporter -->
<testsuite hostname="DESKTOP-JUVN070" failures="0" tests="1" name="day03.Headers_Demo" time="2.028" errors="0" timestamp="2024-04-14T19:38:17 CDT" skipped="0">
  <testcase classname="day03.Headers_Demo" name="test_Headers" time="2.028"/>
</testsuite> <!-- day03.Headers_Demo -->
