<?xml version="1.0" encoding="UTF-8"?>
<!-- Generated by org.testng.reporters.JUnitReportReporter -->
<testsuite hostname="DESKTOP-JUVN070" failures="0" tests="1" name="day07.Create_User" time="3.261" errors="0" timestamp="2024-04-19T09:26:29 CDT" skipped="0">
  <testcase classname="day07.Create_User" name="test_Create_User" time="3.261"/>
</testsuite> <!-- day07.Create_User -->
