<?xml version="1.0" encoding="UTF-8"?>
<!-- Generated by org.testng.reporters.JUnitReportReporter -->
<testsuite hostname="DESKTOP-JUVN070" failures="0" tests="1" name="day07.copy.Update_User" time="1.084" errors="0" timestamp="2024-04-19T10:06:56 CDT" skipped="0">
  <testcase classname="day07.copy.Update_User" name="test_Update_User" time="1.084"/>
</testsuite> <!-- day07.copy.Update_User -->
