<?xml version="1.0" encoding="UTF-8"?>
<!-- Generated by org.testng.reporters.JUnitReportReporter -->
<testsuite hostname="DESKTOP-JUVN070" failures="0" tests="1" name="day06.Authentications" time="3.104" errors="0" timestamp="2024-04-17T09:34:23 CDT" skipped="0">
  <testcase classname="day06.Authentications" name="test_Bear_Token_Authenication" time="3.104"/>
</testsuite> <!-- day06.Authentications -->
