<?xml version="1.0" encoding="UTF-8"?>
<!-- Generated by org.testng.reporters.JUnitReportReporter -->
<testsuite hostname="DESKTOP-JUVN070" failures="0" tests="1" name="day03.LogDemo" time="1.646" errors="0" timestamp="2024-04-15T08:35:57 CDT" skipped="0">
  <testcase classname="day03.LogDemo" name="test_log" time="1.646"/>
</testsuite> <!-- day03.LogDemo -->
