<?xml version="1.0" encoding="UTF-8"?>
<!-- Generated by org.testng.reporters.JUnitReportReporter -->
<testsuite hostname="DESKTOP-JUVN070" failures="0" tests="1" name="day03.Cookies_Demo" time="2.082" errors="0" timestamp="2024-04-14T19:11:47 CDT" skipped="0">
  <testcase classname="day03.Cookies_Demo" name="test_Cookies_Info" time="2.082"/>
</testsuite> <!-- day03.Cookies_Demo -->
