<?xml version="1.0" encoding="UTF-8"?>
<!-- Generated by org.testng.reporters.JUnitReportReporter -->
<testsuite hostname="DESKTOP-JUVN070" failures="0" tests="1" name="day03.Headers_Demo" time="1.666" errors="0" timestamp="2024-04-15T08:22:00 CDT" skipped="0">
  <testcase classname="day03.Headers_Demo" name="get_Headers" time="1.666"/>
</testsuite> <!-- day03.Headers_Demo -->
